ParseStarterProject/build/intermediates/manifest_merge_blame_file/release/manifest-merger-blame-release-report.txt
1<?xml version="1.0" encoding="utf-8"?>
2<!--
3  ~ Copyright (c) 2015-present, Parse, LLC.
4  ~ All rights reserved.
5  ~
6  ~ This source code is licensed under the BSD-style license found in the
7  ~ LICENSE file in the root directory of this source tree. An additional grant
8  ~ of patent rights can be found in the PATENTS file in the same directory.
9-->
10<manifest xmlns:android="http://schemas.android.com/apk/res/android"
11    package="com.yaronfuks.uberclone"
12    android:versionCode="1"
13    android:versionName="1.0" >
14
15    <uses-sdk
16        android:minSdkVersion="14"
16-->src\main\AndroidManifest.xml
17        android:targetSdkVersion="28" />
17-->src\main\AndroidManifest.xml
18
19    <uses-permission android:name="android.permission.INTERNET" />
19-->src\main\AndroidManifest.xml:12:5-67
19-->src\main\AndroidManifest.xml:12:22-64
20    <uses-permission android:name="android.permission.ACCESS_NETWORK_STATE" />
20-->src\main\AndroidManifest.xml:13:5-79
20-->src\main\AndroidManifest.xml:13:22-76
21    <uses-permission android:name="android.permission.READ_EXTERNAL_STORAGE" />
21-->src\main\AndroidManifest.xml:14:5-80
21-->src\main\AndroidManifest.xml:14:22-77
22    <uses-permission android:name="android.permission.ACCESS_FINE_LOCATION" />
22-->src\main\AndroidManifest.xml:15:5-79
22-->src\main\AndroidManifest.xml:15:22-76
23
24    <!-- Optional permission for Analytics to run. -->
25    <uses-permission android:name="android.permission.WAKE_LOCK" /> <!-- Required by older versions of Google Play services to create GCM registration tokens -->
25-->[com.google.android.gms:play-services-analytics:12.0.1] AndroidManifest.xml:27:5-68
25-->[com.google.android.gms:play-services-analytics:12.0.1] AndroidManifest.xml:27:22-65
26    <uses-permission android:name="com.google.android.c2dm.permission.RECEIVE" />
26-->[com.google.android.gms:play-services-gcm:12.0.1] AndroidManifest.xml:23:5-82
26-->[com.google.android.gms:play-services-gcm:12.0.1] AndroidManifest.xml:23:22-79
27
28    <uses-feature
28-->[com.google.android.gms:play-services-maps:12.0.1] AndroidManifest.xml:26:5-28:35
29        android:glEsVersion="0x00020000"
29-->[com.google.android.gms:play-services-maps:12.0.1] AndroidManifest.xml:27:9-41
30        android:required="true" />
30-->[com.google.android.gms:play-services-maps:12.0.1] AndroidManifest.xml:28:9-32
31
32    <permission
32-->[com.google.firebase:firebase-iid:12.0.1] AndroidManifest.xml:28:5-30:47
33        android:name="com.yaronfuks.uberclone.permission.C2D_MESSAGE"
33-->[com.google.firebase:firebase-iid:12.0.1] AndroidManifest.xml:29:9-63
34        android:protectionLevel="signature" />
34-->[com.google.firebase:firebase-iid:12.0.1] AndroidManifest.xml:30:9-44
35
36    <uses-permission android:name="com.yaronfuks.uberclone.permission.C2D_MESSAGE" />
36-->[com.google.firebase:firebase-iid:12.0.1] AndroidManifest.xml:32:5-79
36-->[com.google.firebase:firebase-iid:12.0.1] AndroidManifest.xml:32:22-76
37
38    <application
38-->src\main\AndroidManifest.xml:17:5-52:19
39        android:name="com.yaronfuks.uberclone.StarterApplication"
39-->src\main\AndroidManifest.xml:18:9-66
40        android:allowBackup="true"
40-->src\main\AndroidManifest.xml:19:9-35
41        android:icon="@mipmap/ic_launcher"
41-->src\main\AndroidManifest.xml:20:9-43
42        android:label="Uber"
42-->src\main\AndroidManifest.xml:21:9-29
43        android:theme="@style/AppTheme" >
43-->src\main\AndroidManifest.xml:22:9-40
44        <activity
44-->src\main\AndroidManifest.xml:23:9-31:20
45            android:name="com.yaronfuks.uberclone.MainActivity"
45-->src\main\AndroidManifest.xml:24:13-64
46            android:label="Uber" >
46-->src\main\AndroidManifest.xml:25:13-33
47            <intent-filter>
47-->src\main\AndroidManifest.xml:26:13-30:29
48                <action android:name="android.intent.action.MAIN" />
48-->src\main\AndroidManifest.xml:27:17-69
48-->src\main\AndroidManifest.xml:27:25-66
49
50                <category android:name="android.intent.category.LAUNCHER" />
50-->src\main\AndroidManifest.xml:29:17-77
50-->src\main\AndroidManifest.xml:29:27-74
51            </intent-filter>
52        </activity>
53
54        <!--
55             The API key for Google Maps-based APIs is defined as a string resource.
56             (See the file "res/values/google_maps_api.xml").
57             Note that the API key is linked to the encryption key used to sign the APK.
58             You need a different API key for each encryption key, including the release key that is used to
59             sign the APK for publishing.
60             You can define the keys for the debug and release targets in src/debug/ and src/release/. 
61        -->
62        <meta-data
62-->src\main\AndroidManifest.xml:41:9-43:55
63            android:name="com.google.android.geo.API_KEY"
63-->src\main\AndroidManifest.xml:42:13-58
64            android:value="@string/google_maps_key" />
64-->src\main\AndroidManifest.xml:43:13-52
65
66        <activity
66-->src\main\AndroidManifest.xml:45:9-47:60
67            android:name="com.yaronfuks.uberclone.RiderActivity"
67-->src\main\AndroidManifest.xml:46:13-65
68            android:label="@string/title_activity_rider" />
68-->src\main\AndroidManifest.xml:47:13-57
69        <activity android:name="com.yaronfuks.uberclone.ViewRequestActivity" />
69-->src\main\AndroidManifest.xml:48:9-80
69-->src\main\AndroidManifest.xml:48:19-77
70        <activity
70-->src\main\AndroidManifest.xml:49:9-51:79
71            android:name="com.yaronfuks.uberclone.DriverLocationActivity"
71-->src\main\AndroidManifest.xml:50:13-74
72            android:label="@string/title_activity_driver_location" />
72-->src\main\AndroidManifest.xml:51:13-67
73
74        <receiver android:name="com.google.android.gms.cast.framework.media.MediaIntentReceiver" />
74-->[com.google.android.gms:play-services-cast-framework:12.0.1] AndroidManifest.xml:8:9-100
74-->[com.google.android.gms:play-services-cast-framework:12.0.1] AndroidManifest.xml:8:19-97
75
76        <service android:name="com.google.android.gms.cast.framework.media.MediaNotificationService" />
76-->[com.google.android.gms:play-services-cast-framework:12.0.1] AndroidManifest.xml:10:9-104
76-->[com.google.android.gms:play-services-cast-framework:12.0.1] AndroidManifest.xml:10:18-101
77        <service android:name="com.google.android.gms.cast.framework.ReconnectionService" />
77-->[com.google.android.gms:play-services-cast-framework:12.0.1] AndroidManifest.xml:11:9-93
77-->[com.google.android.gms:play-services-cast-framework:12.0.1] AndroidManifest.xml:11:18-90
78
79        <meta-data
79-->[com.android.support:mediarouter-v7:26.1.0] AndroidManifest.xml:23:9-25:38
80            android:name="android.support.VERSION"
80-->[com.android.support:mediarouter-v7:26.1.0] AndroidManifest.xml:24:13-51
81            android:value="26.1.0" /> <!-- Include the AdActivity and InAppPurchaseActivity configChanges and themes. -->
81-->[com.android.support:mediarouter-v7:26.1.0] AndroidManifest.xml:25:13-35
82        <activity
82-->[com.google.android.gms:play-services-ads-lite:12.0.1] AndroidManifest.xml:29:9-33:64
83            android:name="com.google.android.gms.ads.AdActivity"
83-->[com.google.android.gms:play-services-ads-lite:12.0.1] AndroidManifest.xml:30:13-65
84            android:configChanges="keyboard|keyboardHidden|orientation|screenLayout|uiMode|screenSize|smallestScreenSize"
84-->[com.google.android.gms:play-services-ads-lite:12.0.1] AndroidManifest.xml:31:13-122
85            android:exported="false"
85-->[com.google.android.gms:play-services-ads-lite:12.0.1] AndroidManifest.xml:32:13-37
86            android:theme="@android:style/Theme.Translucent" />
86-->[com.google.android.gms:play-services-ads-lite:12.0.1] AndroidManifest.xml:33:13-61
87
88        <receiver
88-->[com.google.android.gms:play-services-analytics:12.0.1] AndroidManifest.xml:30:9-34:20
89            android:name="com.google.android.gms.analytics.AnalyticsReceiver"
89-->[com.google.android.gms:play-services-analytics:12.0.1] AndroidManifest.xml:31:13-78
90            android:enabled="true"
90-->[com.google.android.gms:play-services-analytics:12.0.1] AndroidManifest.xml:32:13-35
91            android:exported="false" >
91-->[com.google.android.gms:play-services-analytics:12.0.1] AndroidManifest.xml:33:13-37
92        </receiver>
93
94        <service
94-->[com.google.android.gms:play-services-analytics:12.0.1] AndroidManifest.xml:36:9-39:40
95            android:name="com.google.android.gms.analytics.AnalyticsService"
95-->[com.google.android.gms:play-services-analytics:12.0.1] AndroidManifest.xml:37:13-77
96            android:enabled="true"
96-->[com.google.android.gms:play-services-analytics:12.0.1] AndroidManifest.xml:38:13-35
97            android:exported="false" />
97-->[com.google.android.gms:play-services-analytics:12.0.1] AndroidManifest.xml:39:13-37
98        <service
98-->[com.google.android.gms:play-services-analytics:12.0.1] AndroidManifest.xml:40:9-44:72
99            android:name="com.google.android.gms.analytics.AnalyticsJobService"
99-->[com.google.android.gms:play-services-analytics:12.0.1] AndroidManifest.xml:41:13-80
100            android:enabled="true"
100-->[com.google.android.gms:play-services-analytics:12.0.1] AndroidManifest.xml:42:13-35
101            android:exported="false"
101-->[com.google.android.gms:play-services-analytics:12.0.1] AndroidManifest.xml:43:13-37
102            android:permission="android.permission.BIND_JOB_SERVICE" />
102-->[com.google.android.gms:play-services-analytics:12.0.1] AndroidManifest.xml:44:13-69
103
104        <activity
104-->[com.google.android.gms:play-services-appinvite:12.0.1] AndroidManifest.xml:25:9-34:20
105            android:name="com.google.android.gms.appinvite.PreviewActivity"
105-->[com.google.android.gms:play-services-appinvite:12.0.1] AndroidManifest.xml:26:13-76
106            android:exported="true"
106-->[com.google.android.gms:play-services-appinvite:12.0.1] AndroidManifest.xml:27:13-36
107            android:theme="@style/Theme.AppInvite.Preview" >
107-->[com.google.android.gms:play-services-appinvite:12.0.1] AndroidManifest.xml:28:13-59
108            <intent-filter>
108-->[com.google.android.gms:play-services-appinvite:12.0.1] AndroidManifest.xml:29:13-33:29
109                <action android:name="com.google.android.gms.appinvite.ACTION_PREVIEW" />
109-->[com.google.android.gms:play-services-appinvite:12.0.1] AndroidManifest.xml:30:17-90
109-->[com.google.android.gms:play-services-appinvite:12.0.1] AndroidManifest.xml:30:25-87
110
111                <category android:name="android.intent.category.DEFAULT" />
111-->[com.google.android.gms:play-services-appinvite:12.0.1] AndroidManifest.xml:32:17-76
111-->[com.google.android.gms:play-services-appinvite:12.0.1] AndroidManifest.xml:32:27-73
112            </intent-filter>
113        </activity>
114        <activity
114-->[com.google.android.gms:play-services-auth:12.0.1] AndroidManifest.xml:23:9-27:75
115            android:name="com.google.android.gms.auth.api.signin.internal.SignInHubActivity"
115-->[com.google.android.gms:play-services-auth:12.0.1] AndroidManifest.xml:24:13-93
116            android:excludeFromRecents="true"
116-->[com.google.android.gms:play-services-auth:12.0.1] AndroidManifest.xml:25:13-46
117            android:exported="false"
117-->[com.google.android.gms:play-services-auth:12.0.1] AndroidManifest.xml:26:13-37
118            android:theme="@android:style/Theme.Translucent.NoTitleBar" />
118-->[com.google.android.gms:play-services-auth:12.0.1] AndroidManifest.xml:27:13-72
119        <!--
120            Service handling Google Sign-In user revocation. For apps that do not integrate with
121            Google Sign-In, this service will never be started.
122        -->
123        <service
123-->[com.google.android.gms:play-services-auth:12.0.1] AndroidManifest.xml:33:9-36:110
124            android:name="com.google.android.gms.auth.api.signin.RevocationBoundService"
124-->[com.google.android.gms:play-services-auth:12.0.1] AndroidManifest.xml:34:13-89
125            android:exported="true"
125-->[com.google.android.gms:play-services-auth:12.0.1] AndroidManifest.xml:35:13-36
126            android:permission="com.google.android.gms.auth.api.signin.permission.REVOCATION_NOTIFICATION" />
126-->[com.google.android.gms:play-services-auth:12.0.1] AndroidManifest.xml:36:13-107
127
128        <activity
128-->[com.google.firebase:firebase-auth:12.0.1] AndroidManifest.xml:23:9-29:75
129            android:name="com.google.firebase.auth.internal.FederatedSignInActivity"
129-->[com.google.firebase:firebase-auth:12.0.1] AndroidManifest.xml:24:13-85
130            android:excludeFromRecents="true"
130-->[com.google.firebase:firebase-auth:12.0.1] AndroidManifest.xml:25:13-46
131            android:exported="true"
131-->[com.google.firebase:firebase-auth:12.0.1] AndroidManifest.xml:26:13-36
132            android:launchMode="singleInstance"
132-->[com.google.firebase:firebase-auth:12.0.1] AndroidManifest.xml:27:13-48
133            android:permission="com.google.firebase.auth.api.gms.permission.LAUNCH_FEDERATED_SIGN_IN"
133-->[com.google.firebase:firebase-auth:12.0.1] AndroidManifest.xml:28:13-102
134            android:theme="@android:style/Theme.Translucent.NoTitleBar" />
134-->[com.google.firebase:firebase-auth:12.0.1] AndroidManifest.xml:29:13-72
135        <activity
135-->[com.google.android.gms:play-services-base:12.0.1] AndroidManifest.xml:23:9-26:75
136            android:name="com.google.android.gms.common.api.GoogleApiActivity"
136-->[com.google.android.gms:play-services-base:12.0.1] AndroidManifest.xml:24:13-79
137            android:exported="false"
137-->[com.google.android.gms:play-services-base:12.0.1] AndroidManifest.xml:25:13-37
138            android:theme="@android:style/Theme.Translucent.NoTitleBar" />
138-->[com.google.android.gms:play-services-base:12.0.1] AndroidManifest.xml:26:13-72
139        <!--
140             FirebaseMessagingService performs security checks at runtime,
141             no need for explicit permissions despite exported="true"
142        -->
143        <service
143-->[com.google.firebase:firebase-messaging:12.0.1] AndroidManifest.xml:28:9-34:19
144            android:name="com.google.firebase.messaging.FirebaseMessagingService"
144-->[com.google.firebase:firebase-messaging:12.0.1] AndroidManifest.xml:29:13-82
145            android:exported="true" >
145-->[com.google.firebase:firebase-messaging:12.0.1] AndroidManifest.xml:30:13-36
146            <intent-filter android:priority="-500" >
146-->[com.google.firebase:firebase-messaging:12.0.1] AndroidManifest.xml:31:13-33:29
146-->[com.google.firebase:firebase-messaging:12.0.1] AndroidManifest.xml:31:28-51
147                <action android:name="com.google.firebase.MESSAGING_EVENT" />
147-->[com.google.firebase:firebase-messaging:12.0.1] AndroidManifest.xml:32:17-78
147-->[com.google.firebase:firebase-messaging:12.0.1] AndroidManifest.xml:32:25-75
148            </intent-filter>
149        </service>
150        <service
150-->[com.google.android.gms:play-services-tagmanager-api:12.0.1] AndroidManifest.xml:27:9-30:40
151            android:name="com.google.android.gms.tagmanager.TagManagerService"
151-->[com.google.android.gms:play-services-tagmanager-api:12.0.1] AndroidManifest.xml:28:13-79
152            android:enabled="true"
152-->[com.google.android.gms:play-services-tagmanager-api:12.0.1] AndroidManifest.xml:29:13-35
153            android:exported="false" />
153-->[com.google.android.gms:play-services-tagmanager-api:12.0.1] AndroidManifest.xml:30:13-37
154
155        <activity
155-->[com.google.android.gms:play-services-tagmanager-api:12.0.1] AndroidManifest.xml:32:9-44:20
156            android:name="com.google.android.gms.tagmanager.TagManagerPreviewActivity"
156-->[com.google.android.gms:play-services-tagmanager-api:12.0.1] AndroidManifest.xml:33:13-87
157            android:exported="true"
157-->[com.google.android.gms:play-services-tagmanager-api:12.0.1] AndroidManifest.xml:34:13-36
158            android:noHistory="true" > <!-- optional, removes the previewActivity from the activity stack. -->
158-->[com.google.android.gms:play-services-tagmanager-api:12.0.1] AndroidManifest.xml:35:13-37
159            <intent-filter>
159-->[com.google.android.gms:play-services-tagmanager-api:12.0.1] AndroidManifest.xml:36:13-43:29
160                <data android:scheme="tagmanager.c.com.yaronfuks.uberclone" />
160-->[com.google.android.gms:play-services-tagmanager-api:12.0.1] AndroidManifest.xml:37:17-72
160-->[com.google.android.gms:play-services-tagmanager-api:12.0.1] AndroidManifest.xml:37:23-69
161
162                <action android:name="android.intent.action.VIEW" />
162-->[com.google.android.gms:play-services-tagmanager-api:12.0.1] AndroidManifest.xml:39:17-69
162-->[com.google.android.gms:play-services-tagmanager-api:12.0.1] AndroidManifest.xml:39:25-66
163
164                <category android:name="android.intent.category.DEFAULT" />
164-->[com.google.android.gms:play-services-appinvite:12.0.1] AndroidManifest.xml:32:17-76
164-->[com.google.android.gms:play-services-appinvite:12.0.1] AndroidManifest.xml:32:27-73
165                <category android:name="android.intent.category.BROWSABLE" />
165-->[com.google.android.gms:play-services-tagmanager-api:12.0.1] AndroidManifest.xml:42:17-78
165-->[com.google.android.gms:play-services-tagmanager-api:12.0.1] AndroidManifest.xml:42:27-75
166            </intent-filter>
167        </activity>
168
169        <receiver
169-->[com.google.firebase:firebase-analytics:12.0.1] AndroidManifest.xml:28:9-32:20
170            android:name="com.google.android.gms.measurement.AppMeasurementReceiver"
170-->[com.google.firebase:firebase-analytics:12.0.1] AndroidManifest.xml:29:13-85
171            android:enabled="true"
171-->[com.google.firebase:firebase-analytics:12.0.1] AndroidManifest.xml:30:13-35
172            android:exported="false" >
172-->[com.google.firebase:firebase-analytics:12.0.1] AndroidManifest.xml:31:13-37
173        </receiver>
174        <receiver
174-->[com.google.firebase:firebase-analytics:12.0.1] AndroidManifest.xml:33:9-41:20
175            android:name="com.google.android.gms.measurement.AppMeasurementInstallReferrerReceiver"
175-->[com.google.firebase:firebase-analytics:12.0.1] AndroidManifest.xml:34:13-100
176            android:enabled="true"
176-->[com.google.firebase:firebase-analytics:12.0.1] AndroidManifest.xml:35:13-35
177            android:exported="true"
177-->[com.google.firebase:firebase-analytics:12.0.1] AndroidManifest.xml:36:13-36
178            android:permission="android.permission.INSTALL_PACKAGES" >
178-->[com.google.firebase:firebase-analytics:12.0.1] AndroidManifest.xml:37:13-69
179            <intent-filter>
179-->[com.google.firebase:firebase-analytics:12.0.1] AndroidManifest.xml:38:13-40:29
180                <action android:name="com.android.vending.INSTALL_REFERRER" />
180-->[com.google.firebase:firebase-analytics:12.0.1] AndroidManifest.xml:39:17-79
180-->[com.google.firebase:firebase-analytics:12.0.1] AndroidManifest.xml:39:25-76
181            </intent-filter>
182        </receiver>
183
184        <service
184-->[com.google.firebase:firebase-analytics:12.0.1] AndroidManifest.xml:43:9-46:40
185            android:name="com.google.android.gms.measurement.AppMeasurementService"
185-->[com.google.firebase:firebase-analytics:12.0.1] AndroidManifest.xml:44:13-84
186            android:enabled="true"
186-->[com.google.firebase:firebase-analytics:12.0.1] AndroidManifest.xml:45:13-35
187            android:exported="false" />
187-->[com.google.firebase:firebase-analytics:12.0.1] AndroidManifest.xml:46:13-37
188        <service
188-->[com.google.firebase:firebase-analytics:12.0.1] AndroidManifest.xml:47:9-51:72
189            android:name="com.google.android.gms.measurement.AppMeasurementJobService"
189-->[com.google.firebase:firebase-analytics:12.0.1] AndroidManifest.xml:48:13-87
190            android:enabled="true"
190-->[com.google.firebase:firebase-analytics:12.0.1] AndroidManifest.xml:49:13-35
191            android:exported="false"
191-->[com.google.firebase:firebase-analytics:12.0.1] AndroidManifest.xml:50:13-37
192            android:permission="android.permission.BIND_JOB_SERVICE" />
192-->[com.google.firebase:firebase-analytics:12.0.1] AndroidManifest.xml:51:13-69
193
194        <receiver
194-->[com.google.firebase:firebase-iid:12.0.1] AndroidManifest.xml:35:9-44:20
195            android:name="com.google.firebase.iid.FirebaseInstanceIdReceiver"
195-->[com.google.firebase:firebase-iid:12.0.1] AndroidManifest.xml:36:13-78
196            android:exported="true"
196-->[com.google.firebase:firebase-iid:12.0.1] AndroidManifest.xml:37:13-36
197            android:permission="com.google.android.c2dm.permission.SEND" >
197-->[com.google.firebase:firebase-iid:12.0.1] AndroidManifest.xml:38:13-73
198            <intent-filter>
198-->[com.google.firebase:firebase-iid:12.0.1] AndroidManifest.xml:39:13-43:29
199                <action android:name="com.google.android.c2dm.intent.RECEIVE" />
199-->[com.google.firebase:firebase-iid:12.0.1] AndroidManifest.xml:40:17-81
199-->[com.google.firebase:firebase-iid:12.0.1] AndroidManifest.xml:40:25-78
200
201                <category android:name="com.yaronfuks.uberclone" />
201-->[com.google.firebase:firebase-iid:12.0.1] AndroidManifest.xml:42:17-61
201-->[com.google.firebase:firebase-iid:12.0.1] AndroidManifest.xml:42:27-58
202            </intent-filter>
203        </receiver>
204        <!--
205             FirebaseInstanceIdService performs security checks at runtime,
206             no need for explicit permissions despite exported="true"
207        -->
208        <service
208-->[com.google.firebase:firebase-iid:12.0.1] AndroidManifest.xml:50:9-56:19
209            android:name="com.google.firebase.iid.FirebaseInstanceIdService"
209-->[com.google.firebase:firebase-iid:12.0.1] AndroidManifest.xml:51:13-77
210            android:exported="true" >
210-->[com.google.firebase:firebase-iid:12.0.1] AndroidManifest.xml:52:13-36
211            <intent-filter android:priority="-500" >
211-->[com.google.firebase:firebase-iid:12.0.1] AndroidManifest.xml:53:13-55:29
211-->[com.google.firebase:firebase-iid:12.0.1] AndroidManifest.xml:53:28-51
212                <action android:name="com.google.firebase.INSTANCE_ID_EVENT" />
212-->[com.google.firebase:firebase-iid:12.0.1] AndroidManifest.xml:54:17-80
212-->[com.google.firebase:firebase-iid:12.0.1] AndroidManifest.xml:54:25-77
213            </intent-filter>
214        </service>
215
216        <provider
216-->[com.google.firebase:firebase-common:12.0.1] AndroidManifest.xml:8:9-12:39
217            android:name="com.google.firebase.provider.FirebaseInitProvider"
217-->[com.google.firebase:firebase-common:12.0.1] AndroidManifest.xml:9:13-77
218            android:authorities="com.yaronfuks.uberclone.firebaseinitprovider"
218-->[com.google.firebase:firebase-common:12.0.1] AndroidManifest.xml:10:13-72
219            android:exported="false"
219-->[com.google.firebase:firebase-common:12.0.1] AndroidManifest.xml:11:13-37
220            android:initOrder="100" />
220-->[com.google.firebase:firebase-common:12.0.1] AndroidManifest.xml:12:13-36
221
222        <meta-data
222-->[com.google.android.gms:play-services-basement:12.0.1] AndroidManifest.xml:23:9-25:69
223            android:name="com.google.android.gms.version"
223-->[com.google.android.gms:play-services-basement:12.0.1] AndroidManifest.xml:24:13-58
224            android:value="@integer/google_play_services_version" />
224-->[com.google.android.gms:play-services-basement:12.0.1] AndroidManifest.xml:25:13-66
225    </application>
226
227</manifest>